<?xml version="1.0" encoding="UTF-8"?>
<!-- Generated by org.testng.reporters.JUnitXMLReporter -->
<testsuite ignored="0" hostname="Sureshs-MacBook-Pro.local" failures="0" tests="6" name="Default test" time="61.951" errors="0" timestamp="2023-02-20T09:07:39 PST">
  <testcase classname="salesforcetest.salesforce_login" name="forgotpassword" time="4.757"/>
  <testcase classname="salesforcetest.salesforce_login" name="login" time="11.334"/>
  <testcase classname="salesforcetest.salesforce_login" name="loginwrong" time="5.115"/>
  <testcase classname="salesforcetest.salesforce_login" name="remberbox" time="12.06"/>
  <testcase classname="salesforcetest.salesforce_login" name="returnfromhome" time="12.078"/>
  <testcase classname="salesforcetest.salesforce_login" name="wrong_details" time="16.08"/>
</testsuite> <!-- Default test -->
